[debug] [2021-05-27T04:30:28.619Z] ----------------------------------------------------------------------
[debug] [2021-05-27T04:30:28.621Z] Command:       /Users/kevin/.nvm/versions/node/v15.13.0/bin/node /usr/local/bin/firebase functions:shell
[debug] [2021-05-27T04:30:28.621Z] CLI Version:   9.11.0
[debug] [2021-05-27T04:30:28.621Z] Platform:      darwin
[debug] [2021-05-27T04:30:28.621Z] Node Version:  v15.13.0
[debug] [2021-05-27T04:30:28.623Z] Time:          Wed May 26 2021 21:30:28 GMT-0700 (Pacific Daylight Time)
[debug] [2021-05-27T04:30:28.623Z] ----------------------------------------------------------------------
[debug] 
[debug] [2021-05-27T04:30:28.631Z] > command requires scopes: ["email","openid","https://www.googleapis.com/auth/cloudplatformprojects.readonly","https://www.googleapis.com/auth/firebase","https://www.googleapis.com/auth/cloud-platform"]
[debug] [2021-05-27T04:30:28.631Z] > authorizing via signed-in user (kevinlu.email@gmail.com)
[debug] [2021-05-27T04:30:28.631Z] [iam] checking project presage-2e270 for permissions ["firebase.projects.get"]
[debug] [2021-05-27T04:30:28.633Z] > refreshing access token with scopes: ["email","https://www.googleapis.com/auth/cloud-platform","https://www.googleapis.com/auth/cloudplatformprojects.readonly","https://www.googleapis.com/auth/firebase","openid"]
[debug] [2021-05-27T04:30:28.633Z] >>> HTTP REQUEST POST https://www.googleapis.com/oauth2/v3/token  
 <request body omitted>
[debug] [2021-05-27T04:30:28.804Z] <<< HTTP RESPONSE 200 {"pragma":"no-cache","expires":"Mon, 01 Jan 1990 00:00:00 GMT","date":"Thu, 27 May 2021 04:30:28 GMT","cache-control":"no-cache, no-store, max-age=0, must-revalidate","content-type":"application/json; charset=utf-8","vary":"X-Origin, Referer, Origin,Accept-Encoding","server":"scaffolding on HTTPServer2","x-xss-protection":"0","x-frame-options":"SAMEORIGIN","x-content-type-options":"nosniff","alt-svc":"h3-29=\":443\"; ma=2592000,h3-T051=\":443\"; ma=2592000,h3-Q050=\":443\"; ma=2592000,h3-Q046=\":443\"; ma=2592000,h3-Q043=\":443\"; ma=2592000,quic=\":443\"; ma=2592000; v=\"46,43\"","accept-ranges":"none","transfer-encoding":"chunked"}
[debug] [2021-05-27T04:30:28.885Z] >>> HTTP REQUEST POST https://cloudresourcemanager.googleapis.com/v1/projects/presage-2e270:testIamPermissions  
 {"permissions":["firebase.projects.get"]}
[debug] [2021-05-27T04:30:29.200Z] <<< HTTP RESPONSE 200 {"content-type":"application/json; charset=UTF-8","vary":"X-Origin, Referer, Origin,Accept-Encoding","date":"Thu, 27 May 2021 04:30:29 GMT","server":"ESF","cache-control":"private","x-xss-protection":"0","x-frame-options":"SAMEORIGIN","x-content-type-options":"nosniff","server-timing":"gfet4t7; dur=185","alt-svc":"h3-29=\":443\"; ma=2592000,h3-T051=\":443\"; ma=2592000,h3-Q050=\":443\"; ma=2592000,h3-Q046=\":443\"; ma=2592000,h3-Q043=\":443\"; ma=2592000,quic=\":443\"; ma=2592000; v=\"46,43\"","accept-ranges":"none","transfer-encoding":"chunked"}
[warn] ⚠  Your functions directory does not specify a Node version.
   - Learn more at https://firebase.google.com/docs/functions/manage-functions#set_runtime_options {"metadata":{"emulator":{"name":"functions"},"message":"Your functions directory does not specify a Node version.\n   - Learn more at https://firebase.google.com/docs/functions/manage-functions#set_runtime_options"}}
[debug] [2021-05-27T04:30:29.207Z] defaultcredentials: writing to file /Users/kevin/.config/firebase/kevinlu_email_gmail.com_application_default_credentials.json
[debug] [2021-05-27T04:30:29.211Z] DEBUG: Setting GAC to /Users/kevin/.config/firebase/kevinlu_email_gmail.com_application_default_credentials.json
[debug] [2021-05-27T04:30:29.212Z] > refreshing access token with scopes: []
[debug] [2021-05-27T04:30:29.212Z] >>> HTTP REQUEST POST https://www.googleapis.com/oauth2/v3/token  
 <request body omitted>
[debug] [2021-05-27T04:30:29.384Z] <<< HTTP RESPONSE 200 {"cache-control":"no-cache, no-store, max-age=0, must-revalidate","date":"Thu, 27 May 2021 04:30:29 GMT","pragma":"no-cache","expires":"Mon, 01 Jan 1990 00:00:00 GMT","content-type":"application/json; charset=utf-8","vary":"X-Origin, Referer, Origin,Accept-Encoding","server":"scaffolding on HTTPServer2","x-xss-protection":"0","x-frame-options":"SAMEORIGIN","x-content-type-options":"nosniff","alt-svc":"h3-29=\":443\"; ma=2592000,h3-T051=\":443\"; ma=2592000,h3-Q050=\":443\"; ma=2592000,h3-Q046=\":443\"; ma=2592000,h3-Q043=\":443\"; ma=2592000,quic=\":443\"; ma=2592000; v=\"46,43\"","accept-ranges":"none","transfer-encoding":"chunked"}
[debug] [2021-05-27T04:30:29.458Z] >>> [apiv2][query] GET https://firebase.googleapis.com/v1beta1/projects/presage-2e270/adminSdkConfig [none]
[debug] [2021-05-27T04:30:29.735Z] <<< [apiv2][status] GET https://firebase.googleapis.com/v1beta1/projects/presage-2e270/adminSdkConfig 200
[debug] [2021-05-27T04:30:29.736Z] <<< [apiv2][body] GET https://firebase.googleapis.com/v1beta1/projects/presage-2e270/adminSdkConfig {"projectId":"presage-2e270","storageBucket":"presage-2e270.appspot.com","locationId":"us-central"}
[debug] [2021-05-27T04:30:29.774Z] [functions] Watching "/Users/kevin/code/presage/functions" for Cloud Functions...
[debug] [2021-05-27T04:30:29.786Z] DEBUG: [worker-pool] addWorker(~diagnostic~)
[debug] [2021-05-27T04:30:29.786Z] DEBUG: [worker-pool] Adding worker with key ~diagnostic~, total=1
[debug] [2021-05-27T04:30:29.787Z] DEBUG: [worker-pool] submitWork(triggerId=)
[debug] [2021-05-27T04:30:29.787Z] DEBUG: [worker-~diagnostic~-a0e3c28f-d4d1-4116-bf92-7c6d0115b960]: Assigning socketPath: /var/folders/60/fqh5kt851rb5tc2mq3w37fj00000gn/T/fire_emu_12813.sock
[debug] [2021-05-27T04:30:29.787Z] DEBUG: [worker-~diagnostic~-a0e3c28f-d4d1-4116-bf92-7c6d0115b960]: BUSY
[debug] [2021-05-27T04:30:29.915Z] DEBUG: [runtime-status] [12813] Functions runtime initialized. {"cwd":"/Users/kevin/code/presage/functions","node_version":"15.13.0"}
[debug] [2021-05-27T04:30:29.917Z] DEBUG: [runtime-status] [12813] Disabled runtime features: undefined
[debug] [2021-05-27T04:30:29.919Z] DEBUG: [runtime-status] [12813] Resolved module firebase-admin {"declared":true,"installed":true,"version":"9.8.0","resolution":"/Users/kevin/code/presage/functions/node_modules/firebase-admin/lib/index.js"}
[debug] [2021-05-27T04:30:29.921Z] DEBUG: [runtime-status] [12813] Resolved module firebase-functions {"declared":true,"installed":true,"version":"3.14.1","resolution":"/Users/kevin/code/presage/functions/node_modules/firebase-functions/lib/index.js"}
[debug] [2021-05-27T04:30:29.922Z] DEBUG: [runtime-status] [12813] Resolved module firebase-functions {"declared":true,"installed":true,"version":"3.14.1","resolution":"/Users/kevin/code/presage/functions/node_modules/firebase-functions/lib/index.js"}
[debug] [2021-05-27T04:30:29.924Z] DEBUG: [runtime-status] [12813] Outgoing network have been stubbed. [{"name":"http","status":"mocked"},{"name":"http","status":"mocked"},{"name":"https","status":"mocked"},{"name":"https","status":"mocked"},{"name":"net","status":"mocked"}]
[debug] [2021-05-27T04:30:29.924Z] DEBUG: [runtime-status] [12813] Resolved module firebase-functions {"declared":true,"installed":true,"version":"3.14.1","resolution":"/Users/kevin/code/presage/functions/node_modules/firebase-functions/lib/index.js"}
[debug] [2021-05-27T04:30:29.986Z] DEBUG: [runtime-status] [12813] Checked functions.config() {"config":{}}
[debug] [2021-05-27T04:30:29.986Z] DEBUG: [runtime-status] [12813] firebase-functions has been stubbed. {"functionsResolution":{"declared":true,"installed":true,"version":"3.14.1","resolution":"/Users/kevin/code/presage/functions/node_modules/firebase-functions/lib/index.js"}}
[debug] [2021-05-27T04:30:29.986Z] DEBUG: [runtime-status] [12813] Resolved module firebase-functions {"declared":true,"installed":true,"version":"3.14.1","resolution":"/Users/kevin/code/presage/functions/node_modules/firebase-functions/lib/index.js"}
[debug] [2021-05-27T04:30:29.987Z] DEBUG: [runtime-status] [12813] Resolved module firebase-admin {"declared":true,"installed":true,"version":"9.8.0","resolution":"/Users/kevin/code/presage/functions/node_modules/firebase-admin/lib/index.js"}
[debug] [2021-05-27T04:30:29.987Z] DEBUG: [runtime-status] [12813] Resolved module firebase-functions {"declared":true,"installed":true,"version":"3.14.1","resolution":"/Users/kevin/code/presage/functions/node_modules/firebase-functions/lib/index.js"}
[debug] [2021-05-27T04:30:29.988Z] DEBUG: [runtime-status] [12813] firebase-admin has been stubbed. {"adminResolution":{"declared":true,"installed":true,"version":"9.8.0","resolution":"/Users/kevin/code/presage/functions/node_modules/firebase-admin/lib/index.js"}}
[debug] [2021-05-27T04:30:30.040Z] DEBUG: [runtime-status] [12813] initializeApp(DEFAULT) {"credential":{"implicit":false,"projectId":"presage-2e270","privateKey":"-----BEGIN PRIVATE KEY-----\nMIIEvQIBADANBgkqhkiG9w0BAQEFAASCBKcwggSjAgEAAoIBAQC+9mUKVAlRyKTz\nbTplZDzbsxqaGBOSsVNcWPrcJCTeaJfCr17eIWI3Vv/JZbtK3eGe3+DuJbs3+Tv+\ng5jcdzwBlvR9CmzrPhzou/NmrIEputTEGIKTL/+I/G1/HX1fVyLMo4GKMkv9XUzQ\nJ+tS8LiFkzEMyjhQ5GKqq1dgZdDDgCVXEzB54RplU6EFNEzl4AfcVAl3QSknmVB4\nYsrFLBsKsAemOfAwqRs9t9HDB0N2Kx2aIe9g9yIM0oDB8Sbaxx80mxR4kFiLrHyU\nhCMFazCVb00oNUK4zWBSONwS3JRNaVuio6V094nYUmHIJ0ekRQDGn6N4bkSaoRsV\nWTVkvfUNAgMBAAECggEACKXv/X/AzEth7QRNWLopZ2m9Eq10dXhCZjRBaCba5Jeo\nB9EZYsXwRMFT5DMPQFy8Ew3gieh7ihVneidLjPB5bzj+6YrHVAAEHyYj58p4LwOf\nDyJtB21tDS8hZlhXjTHNCad9/lw4xMis6eBk7+Sm9qWr2wBtfHxbW49W7a6uvavD\n/jzX4aiU0yFtyOHYH6MNkIvk/9VoHxi7n9xK4mEmFiIsnDcbxWY+ohrg2H7DMt+i\n9mcjKrIn8FD5jv+ZysDMAPW1FiUYiQDQEtcxAYJBojLk5bK5QWlmSJKoDEqR2XXv\nyRF9nzyuhfsWk5OwNKw0RZFUMGyhHn7pvSOzlsiBAQKBgQDea7wu7PPH2xvu7r0W\nGdEaj/yFTgDEER1dSGFdCbJKRNMIxpsfRVLg0hCQSRJ3RRq1w7faoiQfLDXK7+h0\nFyxpOcFs4fELdUxRSCIoqv65bGa8kftzKOxjTKVpgVFimsd5G5gIn7FnAyzF8MYt\nHALuEmNLt/Tq1b/zSNlCkwvSuQKBgQDbytYiHGmoeR4V8Tx5mho1cMmVFxpyf/wP\nbWzWCnsnxziIU+oHu40VIQADxeSbv6e1SihkoWJPQdPALFPX0o/HFDvOlm8c8xFp\nxpS1SkWNjAG+E9fqznE69D6FSj7C8iIfVfGBK1QhOQ/TKJtt/o/28zww9YkWkR/t\nfK1tbfqa9QKBgAh0Odviv8VZ667iPien5Y3H6UY718WcDOytwp2hr7go84iC3ASN\nQwAum9iQHnaQFtrPzJ4vyYWxzX2gLsqy0spRGqwDzoCr/bGdN0cqcLIlj6YdOlx/\nMrT3hdYDx08jKO/Of7HcOAb9VOdVJoMybF4WLtYC8Pk4FKqvmypvomRpAoGBANJv\neuO/5l16URbbGHao160Q5sALFbRI23F96DVqZY2pTXQhO7HZnPN83AHAx+di8VQ+\nwzvN1E1kDjQxfLjnjecidTyPhaTnCGYIzjpg+QTT5psxbooOzBSQ4wdFFaAaqhbs\nd0Sf0nXYp1EZ0O7YSsg7DAcoHu/vVO1RcM6T/Nu9AoGAMjMpgHquCAAjujsJ5sXN\nSfcQT8dORNdDEqmEvp5eLnUjisrwfY7XxLbvF/LtE3g7dYok5zkkx0mtSACTo/Ga\n5QEOpJrpdzWGRpToSfLMgWnAFRvYOXPPpH7R4j7b4gGfjovkNahbTvJWc+i5vWkY\n69mZ7I2w7aVGw6ju95WYwLM=\n-----END PRIVATE KEY-----\n","clientEmail":"firebase-adminsdk-pfqi7@presage-2e270.iam.gserviceaccount.com","httpClient":{"retry":{"maxRetries":4,"statusCodes":[503],"ioErrorCodes":["ECONNRESET","ETIMEDOUT"],"backOffFactor":0.5,"maxDelayInMillis":60000}}}}
[debug] [2021-05-27T04:30:30.042Z] [functions[userTrigger]] function ignored because the firestore emulator does not exist or is not running.
[info] i  functions: Loaded functions: userTrigger 
[warn] ⚠  functions: The following emulators are not running, calls to these services will affect production: firestore, database, pubsub, storage 
[debug] [2021-05-27T04:30:30.065Z] DEBUG: [worker-~diagnostic~-a0e3c28f-d4d1-4116-bf92-7c6d0115b960]: IDLE
